<?xml version="1.0" encoding="UTF-8"?>
<!-- Generated by org.testng.reporters.JUnitReportReporter -->
<testsuite hostname="LAPTOP-BJLM547G" failures="0" tests="3" name="tests.TC_MyAccountPageTestDataDriven" time="10.427" errors="0" timestamp="2024-02-16T10:22:12 IST" skipped="1">
  <testcase classname="tests.TC_MyAccountPageTestDataDriven" name="VerifyLogin" time="5.513"/>
  <system-out/>
  <testcase classname="tests.TC_MyAccountPageTestDataDriven" name="VerifyLogin" time="4.914"/>
  <system-out/>
  <testcase classname="tests.TC_MyAccountPageTestDataDriven" name="verifyRegisterationAndLogin">
    <skipped/>
  </testcase> <!-- verifyRegisterationAndLogin -->
  <system-out/>
</testsuite> <!-- tests.TC_MyAccountPageTestDataDriven -->
