<?xml version="1.0" encoding="UTF-8"?>
<!-- Generated by org.testng.reporters.JUnitReportReporter -->
<testsuite hostname="LAPTOP-BJLM547G" failures="0" tests="3" name="tests.TC_ProductPageTest" time="10.566" errors="0" timestamp="2024-02-16T14:54:12 IST" skipped="2">
  <testcase classname="tests.TC_ProductPageTest" name="verifyTextOnHomePage" time="10.566"/>
  <system-out/>
  <testcase classname="tests.TC_ProductPageTest" name="VerifySearchProduct">
    <skipped/>
  </testcase> <!-- VerifySearchProduct -->
  <system-out/>
  <testcase classname="tests.TC_ProductPageTest" name="VerifyBuyProduct">
    <skipped/>
  </testcase> <!-- VerifyBuyProduct -->
  <system-out/>
</testsuite> <!-- tests.TC_ProductPageTest -->
