<?xml version="1.0" encoding="UTF-8"?>
<!-- Generated by org.testng.reporters.JUnitReportReporter -->
<testsuite hostname="LAPTOP-BJLM547G" failures="0" tests="3" name="tests.TC_ProductPageTest" time="10.558" errors="0" timestamp="2024-02-17T07:39:31 IST" skipped="2">
  <testcase classname="tests.TC_ProductPageTest" name="verifyTextOnHomePage" time="10.558"/>
  <system-out/>
  <testcase classname="tests.TC_ProductPageTest" name="VerifyBuyProduct">
    <skipped/>
  </testcase> <!-- VerifyBuyProduct -->
  <system-out/>
  <testcase classname="tests.TC_ProductPageTest" name="VerifySearchProduct">
    <skipped/>
  </testcase> <!-- VerifySearchProduct -->
  <system-out/>
</testsuite> <!-- tests.TC_ProductPageTest -->
